<?xml version="1.0" encoding="utf-8"?><testsuites name="pytest tests"><testsuite name="pytest" errors="0" failures="0" skipped="0" tests="16" time="8.933" timestamp="2026-07-22T11:31:52.814960+00:00" hostname="agent-env-9064d81f-02d5-4283-9960-be4fb27c75f4"><testcase classname="tests.test_iter3.TestBackupRestore" name="test_backup_as_admin" time="1.095" /><testcase classname="tests.test_iter3.TestUploads" name="test_upload_logbook_returns_id_and_url" time="1.054" /><testcase classname="tests.test_iter3.TestUploads" name="test_upload_avatar_returns_id_and_url" time="0.739" /><testcase classname="tests.test_iter3.TestBackupRestore" name="test_backup_forbidden_non_admin" time="1.838" /><testcase classname="tests.test_iter3.TestUploads" name="test_invalid_scope_returns_400" time="0.546" /><testcase classname="tests.test_iter3.TestUploads" name="test_bad_extension_returns_400" time="0.552" /><testcase classname="tests.test_iter3.TestUploads" name="test_download_returns_bytes_with_content_type" time="0.955" /><testcase classname="tests.test_iter3.TestBackupRestore" name="test_restore_invalid_json" time="0.745" /><testcase classname="tests.test_iter3.TestBackupRestore" name="test_restore_forbidden_non_admin" time="0.617" /><testcase classname="tests.test_iter3.TestUploads" name="test_download_unauthenticated_401" time="1.015" /><testcase classname="tests.test_iter3.TestBackupRestore" name="test_backup_delete_restore_round_trip" time="2.710" /><testcase classname="tests.test_iter3.TestPDF" name="test_pdf_as_coordinator" time="0.873" /><testcase classname="tests.test_iter3.TestPDF" name="test_pdf_as_admin" time="0.402" /><testcase classname="tests.test_iter3.TestPDF" name="test_pdf_forbidden_student" time="0.421" /><testcase classname="tests.test_iter3.TestEmailDelivery" name="test_create_user_blocked_test_domain" time="0.802" /><testcase classname="tests.test_iter3.TestEmailDelivery" name="test_create_user_real_domain_email_sent_true" time="0.801" /></testsuite></testsuites>