<?xml version="1.0" encoding="utf-8"?><testsuites name="pytest tests"><testsuite name="pytest" errors="0" failures="1" skipped="0" tests="22" time="15.414" timestamp="2026-07-21T06:29:57.788686+00:00" hostname="agent-env-9064d81f-02d5-4283-9960-be4fb27c75f4"><testcase classname="tests.backend_test.TestAllocations" name="test_student_my_supervisor" time="0.626" /><testcase classname="tests.backend_test.TestAuth" name="test_login_all_roles_sets_cookies" time="12.945" /><testcase classname="tests.backend_test.TestAllocations" name="test_supervisor_my_students" time="0.370" /><testcase classname="tests.backend_test.TestAllocations" name="test_auto_allocate" time="0.398" /><testcase classname="tests.backend_test.TestAllocations" name="test_manual_allocate" time="0.456" /><testcase classname="tests.backend_test.TestRBAC" name="test_coordinator_can_list_users" time="0.435" /><testcase classname="tests.backend_test.TestRBAC" name="test_admin_can_list_users" time="0.411" /><testcase classname="tests.backend_test.TestRBAC" name="test_student_cannot_list_users" time="0.465" /><testcase classname="tests.backend_test.TestCompanies" name="test_student_get_company_mine" time="5.637" /><testcase classname="tests.backend_test.TestCompanies" name="test_student_create_updates_own_company" time="0.384" /><testcase classname="tests.backend_test.TestCompanies" name="test_coordinator_approve_company" time="0.765" /><testcase classname="tests.backend_test.TestDashboard" name="test_student_stats" time="0.355" /><testcase classname="tests.backend_test.TestDashboard" name="test_supervisor_stats" time="0.367" /><testcase classname="tests.backend_test.TestDashboard" name="test_coordinator_stats" time="0.395" /><testcase classname="tests.backend_test.TestReports" name="test_report_summary_coordinator" time="0.372" /><testcase classname="tests.backend_test.TestReports" name="test_report_forbidden_for_student" time="0.378" /><testcase classname="tests.backend_test.TestLogbooks" name="test_full_logbook_flow_with_notification" time="1.737" /><testcase classname="tests.backend_test.TestAuth" name="test_me_returns_user" time="0.560" /><testcase classname="tests.backend_test.TestAuth" name="test_logout_clears_cookies" time="0.701" /><testcase classname="tests.backend_test.TestVisitsGPS" name="test_schedule_and_verify_visit" time="0.733" /><testcase classname="tests.backend_test.TestAuth" name="test_login_invalid" time="0.311" /><testcase classname="tests.backend_test.TestAuth" name="test_register_new_user_logs_in" time="0.374"><failure message="AssertionError: assert 'test_f3556274@siwes.edu' == 'TEST_f3556274@siwes.edu'&#10;  &#10;  - TEST_f3556274@siwes.edu&#10;  ? ^^^^&#10;  + test_f3556274@siwes.edu&#10;  ? ^^^^">backend/tests/backend_test.py:81: in test_register_new_user_logs_in
    assert me.json()["email"] == email
E   AssertionError: assert 'test_f3556274@siwes.edu' == 'TEST_f3556274@siwes.edu'
E     
E     - TEST_f3556274@siwes.edu
E     ? ^^^^
E     + test_f3556274@siwes.edu
E     ? ^^^^</failure></testcase></testsuite></testsuites>