<?xml version="1.0" encoding="utf-8"?><testsuites name="pytest tests"><testsuite name="pytest" errors="0" failures="0" skipped="0" tests="51" time="24.476" timestamp="2026-07-22T11:32:06.695904+00:00" hostname="agent-env-9064d81f-02d5-4283-9960-be4fb27c75f4"><testcase classname="tests.test_iter3.TestUploads" name="test_upload_logbook_returns_id_and_url" time="0.833" /><testcase classname="tests.backend_test.TestUserManagement" name="test_public_register_role_forced_to_student" time="0.837" /><testcase classname="tests.backend_test.TestUserManagement" name="test_coordinator_creates_supervisor_with_temp_pw" time="1.298" /><testcase classname="tests.test_iter3.TestUploads" name="test_upload_avatar_returns_id_and_url" time="0.974" /><testcase classname="tests.test_iter3.TestUploads" name="test_invalid_scope_returns_400" time="0.370" /><testcase classname="tests.backend_test.TestUserManagement" name="test_coordinator_cannot_create_coordinator_or_admin" time="0.616" /><testcase classname="tests.test_iter3.TestUploads" name="test_bad_extension_returns_400" time="0.535" /><testcase classname="tests.test_iter3.TestUploads" name="test_download_returns_bytes_with_content_type" time="1.244" /><testcase classname="tests.backend_test.TestUserManagement" name="test_admin_creates_coordinator_and_supervisor" time="2.353" /><testcase classname="tests.test_iter3.TestUploads" name="test_download_unauthenticated_401" time="0.833" /><testcase classname="tests.backend_test.TestAuth" name="test_login_all_roles_sets_cookies" time="1.401" /><testcase classname="tests.backend_test.TestUserManagement" name="test_admin_cannot_create_admin" time="0.771" /><testcase classname="tests.backend_test.TestUserManagement" name="test_coordinator_edit_and_delete_supervisor" time="1.543" /><testcase classname="tests.backend_test.TestAuth" name="test_me_returns_user" time="0.670" /><testcase classname="tests.backend_test.TestAuth" name="test_logout_clears_cookies" time="0.467" /><testcase classname="tests.backend_test.TestAuth" name="test_login_invalid" time="0.365" /><testcase classname="tests.backend_test.TestUserManagement" name="test_admin_cannot_delete_admin" time="0.738" /><testcase classname="tests.backend_test.TestAuth" name="test_register_new_user_logs_in" time="0.454" /><testcase classname="tests.test_iter3.TestBackupRestore" name="test_backup_as_admin" time="0.916" /><testcase classname="tests.backend_test.TestUserManagement" name="test_reset_password_sets_must_change" time="1.495" /><testcase classname="tests.test_iter3.TestBackupRestore" name="test_backup_forbidden_non_admin" time="1.648" /><testcase classname="tests.backend_test.TestAllocations" name="test_student_my_supervisor" time="0.546" /><testcase classname="tests.backend_test.TestAllocations" name="test_supervisor_my_students" time="0.595" /><testcase classname="tests.test_iter3.TestBackupRestore" name="test_restore_invalid_json" time="0.549" /><testcase classname="tests.backend_test.TestAllocations" name="test_auto_allocate" time="0.521" /><testcase classname="tests.test_iter3.TestBackupRestore" name="test_restore_forbidden_non_admin" time="0.536" /><testcase classname="tests.backend_test.TestAllocations" name="test_manual_allocate" time="0.801" /><testcase classname="tests.test_iter3.TestBackupRestore" name="test_backup_delete_restore_round_trip" time="2.782" /><testcase classname="tests.backend_test.TestRBAC" name="test_coordinator_can_list_users" time="0.778" /><testcase classname="tests.backend_test.TestRBAC" name="test_admin_can_list_users" time="0.361" /><testcase classname="tests.backend_test.TestRBAC" name="test_student_cannot_list_users" time="0.410" /><testcase classname="tests.backend_test.TestDashboard" name="test_student_stats" time="0.359" /><testcase classname="tests.backend_test.TestDashboard" name="test_supervisor_stats" time="0.553" /><testcase classname="tests.backend_test.TestDashboard" name="test_coordinator_stats" time="0.547" /><testcase classname="tests.backend_test.TestCompanies" name="test_student_get_company_mine" time="0.583" /><testcase classname="tests.test_iter3.TestPDF" name="test_pdf_as_coordinator" time="0.558" /><testcase classname="tests.backend_test.TestCompanies" name="test_student_create_updates_own_company" time="0.589" /><testcase classname="tests.test_iter3.TestPDF" name="test_pdf_as_admin" time="0.561" /><testcase classname="tests.backend_test.TestCompanies" name="test_coordinator_approve_company" time="1.105" /><testcase classname="tests.test_iter3.TestPDF" name="test_pdf_forbidden_student" time="0.569" /><testcase classname="tests.backend_test.TestAuditLogs" name="test_admin_can_list_audit_logs" time="0.562" /><testcase classname="tests.backend_test.TestReports" name="test_report_summary_coordinator" time="0.555" /><testcase classname="tests.backend_test.TestAuditLogs" name="test_non_admin_cannot_list_audit_logs" time="1.672" /><testcase classname="tests.backend_test.TestReports" name="test_report_forbidden_for_student" time="0.551" /><testcase classname="tests.backend_test.TestLogbooks" name="test_full_logbook_flow_with_notification" time="1.691" /><testcase classname="tests.test_iter3.TestEmailDelivery" name="test_create_user_blocked_test_domain" time="0.964" /><testcase classname="tests.backend_test.TestVisitsGPS" name="test_schedule_and_verify_visit" time="1.012" /><testcase classname="tests.test_iter3.TestEmailDelivery" name="test_create_user_real_domain_email_sent_true" time="1.060" /><testcase classname="tests.backend_test.TestChangePassword" name="test_change_password_flow" time="2.796" /><testcase classname="tests.backend_test.TestAssessments" name="test_assessment_flow_upsert_and_forbidden" time="2.436" /><testcase classname="tests.backend_test.TestSessions" name="test_session_create_activate_delete" time="0.670" /></testsuite></testsuites>